<?xml version="1.0" encoding="UTF-8"?>
<!-- Generated by org.testng.reporters.JUnitReportReporter -->
<testsuite hostname="pc" failures="0" tests="3" name="com.testng_features.Simple_Annotation" time="0.021" errors="0" timestamp="2022-02-08T18:58:45 IST" skipped="0">
  <testcase classname="com.testng_features.Simple_Annotation" name="women" time="0.013"/>
  <system-out/>
  <testcase classname="com.testng_features.Simple_Annotation" name="men" time="0.000"/>
  <system-out/>
  <testcase classname="com.testng_features.Simple_Annotation" name="child" time="0.008"/>
  <system-out/>
</testsuite> <!-- com.testng_features.Simple_Annotation -->
