<?xml version="1.0" encoding="UTF-8"?>
<!-- Generated by org.testng.reporters.JUnitReportReporter -->
<testsuite hostname="pc" failures="0" tests="6" name="com.testng_features.InnovationCount" time="0.069" errors="0" timestamp="2022-02-08T18:58:44 IST" skipped="0">
  <testcase classname="com.testng_features.InnovationCount" name="setProperty" time="0.022"/>
  <system-out/>
  <testcase classname="com.testng_features.InnovationCount" name="getUrl" time="0.000"/>
  <system-out/>
  <testcase classname="com.testng_features.InnovationCount" name="browserLaunch" time="0.016"/>
  <system-out/>
  <testcase classname="com.testng_features.InnovationCount" name="refresh" time="0.000"/>
  <system-out/>
  <testcase classname="com.testng_features.InnovationCount" name="refresh" time="0.031"/>
  <system-out/>
  <testcase classname="com.testng_features.InnovationCount" name="refresh" time="0.000"/>
  <system-out/>
</testsuite> <!-- com.testng_features.InnovationCount -->
