<?xml version="1.0" encoding="UTF-8"?>
<!-- Generated by org.testng.reporters.JUnitReportReporter -->
<testsuite hostname="pc" failures="0" tests="2" name="com.testng_features.Parallel_Testing" time="0.073" errors="0" timestamp="2022-02-13T18:10:44 IST" skipped="0">
  <testcase classname="com.testng_features.Parallel_Testing" name="instagram" time="0.037"/>
  <system-out/>
  <testcase classname="com.testng_features.Parallel_Testing" name="whatapp" time="0.036"/>
  <system-out/>
</testsuite> <!-- com.testng_features.Parallel_Testing -->
