<?xml version="1.0" encoding="UTF-8"?>
<!-- Generated by org.testng.reporters.JUnitReportReporter -->
<testsuite hostname="pc" failures="0" tests="1" name="com.testng_features.Testing" time="0.030" errors="0" timestamp="2022-02-12T17:59:14 IST" skipped="0">
  <testcase classname="com.testng_features.Testing" name="browserLauch" time="0.030"/>
  <system-out/>
</testsuite> <!-- com.testng_features.Testing -->
