<?xml version="1.0" encoding="UTF-8"?>
<!-- Generated by org.testng.reporters.JUnitReportReporter -->
<testsuite hostname="pc" failures="0" tests="6" name="com.testng_features.Ignor_Functions" time="0.031" errors="0" timestamp="2022-02-08T11:31:08 IST" skipped="1">
  <testcase classname="com.testng_features.Ignor_Functions" name="whatapp" time="0.007"/>
  <system-out/>
  <testcase classname="com.testng_features.Ignor_Functions" name="snapchat" time="0.005"/>
  <system-out/>
  <testcase classname="com.testng_features.Ignor_Functions" name="telegram" time="0.002"/>
  <system-out/>
  <testcase classname="com.testng_features.Ignor_Functions" name="facebook" time="0.006"/>
  <system-out/>
  <testcase classname="com.testng_features.Ignor_Functions" name="instagram" time="0.011"/>
  <system-out/>
  <testcase classname="com.testng_features.Ignor_Functions" name="wynkmusic">
    <skipped/>
  </testcase> <!-- wynkmusic -->
  <system-out/>
</testsuite> <!-- com.testng_features.Ignor_Functions -->
