<?xml version="1.0" encoding="UTF-8"?>
<!-- Generated by org.testng.reporters.JUnitReportReporter -->
<testsuite hostname="pc" failures="0" tests="5" name="com.testng_features.Ignore_Concept" time="0.031" errors="0" timestamp="2022-02-09T11:22:02 IST" skipped="1">
  <testcase classname="com.testng_features.Ignore_Concept" name="sharechat" time="0.016"/>
  <system-out/>
  <testcase classname="com.testng_features.Ignore_Concept" name="snapchat" time="0.000"/>
  <system-out/>
  <testcase classname="com.testng_features.Ignore_Concept" name="facebook" time="0.015"/>
  <system-out/>
  <testcase classname="com.testng_features.Ignore_Concept" name="instagram" time="0.000"/>
  <system-out/>
  <testcase classname="com.testng_features.Ignore_Concept" name="telegram">
    <skipped/>
  </testcase> <!-- telegram -->
  <system-out/>
</testsuite> <!-- com.testng_features.Ignore_Concept -->
