<?xml version="1.0" encoding="UTF-8"?>
<!-- Generated by org.testng.reporters.JUnitReportReporter -->
<testsuite hostname="pc" failures="0" tests="3" name="com.testng_features.Data_Provider" time="0.172" errors="0" timestamp="2022-02-12T11:17:22 IST" skipped="0">
  <testcase classname="com.testng_features.Data_Provider" name="Credentials" time="0.049"/>
  <system-out/>
  <testcase classname="com.testng_features.Data_Provider" name="Credentials" time="0.009"/>
  <system-out/>
  <testcase classname="com.testng_features.Data_Provider" name="Credentials" time="0.114"/>
  <system-out/>
</testsuite> <!-- com.testng_features.Data_Provider -->
