<?xml version="1.0" encoding="UTF-8"?>
<!-- Generated by org.testng.reporters.JUnitReportReporter -->
<testsuite hostname="pc" failures="0" tests="1" name="com.testng_features.Expected_Exception" time="0.000" errors="0" timestamp="2022-02-08T18:58:45 IST" skipped="0">
  <testcase classname="com.testng_features.Expected_Exception" name="features" time="0.000"/>
  <system-out/>
</testsuite> <!-- com.testng_features.Expected_Exception -->
