<?xml version="1.0" encoding="UTF-8"?>
<!-- Generated by org.testng.reporters.JUnitReportReporter -->
<testsuite hostname="pc" failures="0" tests="2" name="com.testng_features.Assert_Concept" time="0.043" errors="0" timestamp="2022-02-13T18:25:44 IST" skipped="0">
  <testcase classname="com.testng_features.Assert_Concept" name="password" time="0.037"/>
  <system-out/>
  <testcase classname="com.testng_features.Assert_Concept" name="username" time="0.006"/>
  <system-out/>
</testsuite> <!-- com.testng_features.Assert_Concept -->
