<?xml version="1.0" encoding="UTF-8"?>
<!-- Generated by org.testng.reporters.JUnitReportReporter -->
<testsuite hostname="pc" failures="0" tests="4" name="com.testng_features.Priority" time="0.037" errors="0" timestamp="2022-02-08T18:58:44 IST" skipped="0">
  <testcase classname="com.testng_features.Priority" name="sslc" time="0.021"/>
  <system-out/>
  <testcase classname="com.testng_features.Priority" name="hsc" time="0.000"/>
  <system-out/>
  <testcase classname="com.testng_features.Priority" name="college" time="0.016"/>
  <system-out/>
  <testcase classname="com.testng_features.Priority" name="job" time="0.000"/>
  <system-out/>
</testsuite> <!-- com.testng_features.Priority -->
