<?xml version="1.0" encoding="UTF-8"?>
<!-- Generated by org.testng.reporters.JUnitReportReporter -->
<testsuite hostname="pc" failures="0" tests="1" name="com.testng_features.TimeOut_Test" time="7.131" errors="0" timestamp="2022-02-08T18:58:45 IST" skipped="0">
  <testcase classname="com.testng_features.TimeOut_Test" name="browserLaunch" time="7.131"/>
  <system-out/>
</testsuite> <!-- com.testng_features.TimeOut_Test -->
