<?xml version="1.0" encoding="UTF-8"?>
<!-- Generated by org.testng.reporters.JUnitReportReporter -->
<testsuite hostname="pc" failures="0" tests="3" name="com.testng_features.Dependency_Testing" time="0.031" errors="0" timestamp="2022-02-13T18:15:29 IST" skipped="0">
  <testcase classname="com.testng_features.Dependency_Testing" name="mobile" time="0.023"/>
  <system-out/>
  <testcase classname="com.testng_features.Dependency_Testing" name="offer" time="0.004"/>
  <system-out/>
  <testcase classname="com.testng_features.Dependency_Testing" name="watch" time="0.004"/>
  <system-out/>
</testsuite> <!-- com.testng_features.Dependency_Testing -->
