<?xml version="1.0" encoding="UTF-8"?>
<!-- Generated by org.testng.reporters.JUnitReportReporter -->
<testsuite hostname="pc" failures="0" tests="5" name="com.testng_features.Grouping_Concept" time="0.069" errors="0" timestamp="2022-02-10T15:29:50 IST" skipped="0">
  <testcase classname="com.testng_features.Grouping_Concept" name="instagram" time="0.009"/>
  <system-out/>
  <testcase classname="com.testng_features.Grouping_Concept" name="facebook" time="0.028"/>
  <system-out/>
  <testcase classname="com.testng_features.Grouping_Concept" name="sharechat" time="0.014"/>
  <system-out/>
  <testcase classname="com.testng_features.Grouping_Concept" name="snapchat" time="0.012"/>
  <system-out/>
  <testcase classname="com.testng_features.Grouping_Concept" name="whatapp" time="0.006"/>
  <system-out/>
</testsuite> <!-- com.testng_features.Grouping_Concept -->
